\BOOKMARK [0][-]{chapter*.1}{\376\377\000R\000e\000m\000e\000r\000c\000i\000e\000m\000e\000n\000t\000s}{}% 1
\BOOKMARK [0][-]{chapter*.1}{\376\377\000R\000\351\000s\000u\000m\000\351}{}% 2
\BOOKMARK [0][-]{chapter*.1}{\376\377\000A\000b\000s\000t\000r\000a\000c\000t}{}% 3
\BOOKMARK [0][-]{chapter*.5}{\376\377\000I\000n\000t\000r\000o\000d\000u\000c\000t\000i\000o\000n\000\040\000G\000\351\000n\000\351\000r\000a\000l\000e}{}% 4
\BOOKMARK [0][-]{chapter.1}{\376\377\000\311\000t\000a\000t\000\040\000d\000e\000\040\000l\000'\000A\000r\000t}{}% 5
\BOOKMARK [1][-]{section.1.1}{\376\377\000A\000r\000c\000h\000i\000t\000e\000c\000t\000u\000r\000e\000s\000\040\000d\000e\000\040\000F\000u\000s\000i\000o\000n\000\040\000P\000r\000o\000f\000o\000n\000d\000e\000\040\000p\000o\000u\000r\000\040\000l\000a\000\040\000B\000i\000o\000m\000\351\000t\000r\000i\000e\000\040\000M\000u\000l\000t\000i\000m\000o\000d\000a\000l\000e}{chapter.1}% 6
\BOOKMARK [2][-]{subsection.1.1.1}{\376\377\000F\000u\000s\000i\000o\000n\000\040\000p\000r\000\351\000c\000o\000c\000e\000\040\000:\000\040\000c\000o\000n\000c\000a\000t\000\351\000n\000a\000t\000i\000o\000n\000\040\000e\000t\000\040\000e\000s\000p\000a\000c\000e\000s\000\040\000d\000'\000e\000m\000b\000e\000d\000d\000i\000n\000g\000\040\000j\000o\000i\000n\000t\000s}{section.1.1}% 7
\BOOKMARK [2][-]{subsection.1.1.2}{\376\377\000F\000u\000s\000i\000o\000n\000\040\000t\000a\000r\000d\000i\000v\000e\000\040\000:\000\040\000c\000o\000m\000b\000i\000n\000a\000i\000s\000o\000n\000\040\000a\000u\000\040\000n\000i\000v\000e\000a\000u\000\040\000d\000e\000s\000\040\000s\000c\000o\000r\000e\000s}{section.1.1}% 8
\BOOKMARK [2][-]{subsection.1.1.3}{\376\377\000F\000u\000s\000i\000o\000n\000\040\000h\000y\000b\000r\000i\000d\000e\000\040\000:\000\040\000a\000r\000c\000h\000i\000t\000e\000c\000t\000u\000r\000e\000s\000\040\000m\000u\000l\000t\000i\000-\000\351\000t\000a\000g\000e\000s}{section.1.1}% 9
\BOOKMARK [2][-]{subsection.1.1.4}{\376\377\000S\000y\000n\000t\000h\000\350\000s\000e\000\040\000c\000o\000m\000p\000a\000r\000a\000t\000i\000v\000e}{section.1.1}% 10
\BOOKMARK [1][-]{section.1.2}{\376\377\000M\000\351\000c\000a\000n\000i\000s\000m\000e\000s\000\040\000d\000'\000A\000t\000t\000e\000n\000t\000i\000o\000n\000\040\000e\000t\000\040\000T\000r\000a\000n\000s\000f\000o\000r\000m\000e\000r\000s\000\040\000p\000o\000u\000r\000\040\000l\000a\000\040\000B\000i\000o\000m\000\351\000t\000r\000i\000e}{chapter.1}% 11
\BOOKMARK [2][-]{subsection.1.2.1}{\376\377\000S\000e\000l\000f\000-\000a\000t\000t\000e\000n\000t\000i\000o\000n\000\040\000p\000o\000u\000r\000\040\000l\000a\000\040\000r\000e\000c\000o\000n\000n\000a\000i\000s\000s\000a\000n\000c\000e\000\040\000f\000a\000c\000i\000a\000l\000e}{section.1.2}% 12
\BOOKMARK [2][-]{subsection.1.2.2}{\376\377\000A\000t\000t\000e\000n\000t\000i\000o\000n\000\040\000i\000n\000t\000e\000r\000-\000m\000o\000d\000a\000l\000e\000\040\000:\000\040\000f\000u\000s\000i\000o\000n\000\040\000g\000u\000i\000d\000\351\000e\000\040\000p\000a\000r\000\040\000l\000a\000\040\000q\000u\000a\000l\000i\000t\000\351}{section.1.2}% 13
\BOOKMARK [2][-]{subsection.1.2.3}{\376\377\000L\000e\000s\000\040\000t\000r\000a\000n\000s\000f\000o\000r\000m\000e\000r\000s\000\040\000c\000r\000o\000i\000s\000\351\000s\000\040\000:\000\040\000d\000e\000\040\000l\000a\000\040\000v\000i\000s\000i\000o\000n\000\040\000m\000u\000l\000t\000i\000m\000o\000d\000a\000l\000e\000\040\000\340\000\040\000l\000a\000\040\000b\000i\000o\000m\000\351\000t\000r\000i\000e}{section.1.2}% 14
\BOOKMARK [2][-]{subsection.1.2.4}{\376\377\000G\000a\000p\000\040\000:\000\040\000a\000b\000s\000e\000n\000c\000e\000\040\000d\000'\000a\000t\000t\000e\000n\000t\000i\000o\000n\000\040\000c\000r\000o\000i\000s\000\351\000e\000\040\000v\000i\000s\000a\000g\000e\000-\000e\000m\000p\000r\000e\000i\000n\000t\000e}{section.1.2}% 15
\BOOKMARK [1][-]{section.1.3}{\376\377\000R\000o\000b\000u\000s\000t\000e\000s\000s\000e\000\040\000a\000u\000x\000\040\000D\000o\000n\000n\000\351\000e\000s\000\040\000D\000\351\000g\000r\000a\000d\000\351\000e\000s\000\040\000e\000t\000\040\000M\000o\000d\000a\000l\000i\000t\000\351\000s\000\040\000A\000b\000s\000e\000n\000t\000e\000s}{chapter.1}% 16
\BOOKMARK [2][-]{subsection.1.3.1}{\376\377\000R\000e\000c\000o\000n\000n\000a\000i\000s\000s\000a\000n\000c\000e\000\040\000f\000a\000c\000i\000a\000l\000e\000\040\000r\000o\000b\000u\000s\000t\000e\000\040\000:\000\040\000o\000c\000c\000l\000u\000s\000i\000o\000n\000,\000\040\000f\000l\000o\000u\000,\000\040\000b\000r\000u\000i\000t}{section.1.3}% 17
\BOOKMARK [2][-]{subsection.1.3.2}{\376\377\000R\000e\000c\000o\000n\000n\000a\000i\000s\000s\000a\000n\000c\000e\000\040\000d\000'\000e\000m\000p\000r\000e\000i\000n\000t\000e\000s\000\040\000d\000\351\000g\000r\000a\000d\000\351\000e\000s\000\040\000:\000\040\000p\000a\000r\000t\000i\000e\000l\000l\000e\000s\000,\000\040\000l\000a\000t\000e\000n\000t\000e\000s\000,\000\040\000s\000a\000n\000s\000\040\000c\000o\000n\000t\000a\000c\000t}{section.1.3}% 18
\BOOKMARK [2][-]{subsection.1.3.3}{\376\377\000E\000s\000t\000i\000m\000a\000t\000i\000o\000n\000\040\000d\000e\000\040\000q\000u\000a\000l\000i\000t\000\351\000\040\000:\000\040\000N\000F\000I\000Q\000\040\0002\000.\0000\000\040\000e\000t\000\040\000r\000\351\000s\000e\000a\000u\000x\000\040\000p\000r\000o\000f\000o\000n\000d\000s}{section.1.3}% 19
\BOOKMARK [2][-]{subsection.1.3.4}{\376\377\000G\000e\000s\000t\000i\000o\000n\000\040\000d\000e\000s\000\040\000m\000o\000d\000a\000l\000i\000t\000\351\000s\000\040\000m\000a\000n\000q\000u\000a\000n\000t\000e\000s\000\040\000:\000\040\000u\000n\000\040\000r\000e\000t\000a\000r\000d\000\040\000c\000r\000i\000t\000i\000q\000u\000e}{section.1.3}% 20
\BOOKMARK [1][-]{section.1.4}{\376\377\000Q\000u\000a\000n\000t\000i\000f\000i\000c\000a\000t\000i\000o\000n\000\040\000d\000'\000I\000n\000c\000e\000r\000t\000i\000t\000u\000d\000e\000\040\000e\000t\000\040\000C\000a\000l\000i\000b\000r\000a\000t\000i\000o\000n\000\040\000d\000e\000s\000\040\000S\000c\000o\000r\000e\000s}{chapter.1}% 21
\BOOKMARK [2][-]{subsection.1.4.1}{\376\377\000I\000n\000c\000e\000r\000t\000i\000t\000u\000d\000e\000\040\000e\000n\000\040\000a\000p\000p\000r\000e\000n\000t\000i\000s\000s\000a\000g\000e\000\040\000p\000r\000o\000f\000o\000n\000d\000\040\000:\000\040\000\351\000p\000i\000s\000t\000\351\000m\000i\000q\000u\000e\000\040\000v\000s\000\040\000a\000l\000\351\000a\000t\000o\000i\000r\000e}{section.1.4}% 22
\BOOKMARK [2][-]{subsection.1.4.2}{\376\377\000M\000o\000n\000t\000e\000-\000C\000a\000r\000l\000o\000\040\000D\000r\000o\000p\000o\000u\000t\000\040\000e\000t\000\040\000D\000e\000e\000p\000\040\000E\000n\000s\000e\000m\000b\000l\000e\000s}{section.1.4}% 23
\BOOKMARK [2][-]{subsection.1.4.3}{\376\377\000E\000m\000b\000e\000d\000d\000i\000n\000g\000s\000\040\000p\000r\000o\000b\000a\000b\000i\000l\000i\000s\000t\000e\000s\000\040\000:\000\040\000P\000F\000E\000,\000\040\000D\000U\000L\000\040\000e\000t\000\040\000a\000u\000-\000d\000e\000l\000\340}{section.1.4}% 24
\BOOKMARK [2][-]{subsection.1.4.4}{\376\377\000C\000a\000l\000i\000b\000r\000a\000t\000i\000o\000n\000\040\000:\000\040\000E\000C\000E\000,\000\040\000M\000C\000E\000,\000\040\000t\000e\000m\000p\000e\000r\000a\000t\000u\000r\000e\000\040\000s\000c\000a\000l\000i\000n\000g}{section.1.4}% 25
\BOOKMARK [2][-]{subsection.1.4.5}{\376\377\000G\000a\000p\000\040\000:\000\040\000a\000u\000c\000u\000n\000\040\000s\000y\000s\000t\000\350\000m\000e\000\040\000b\000i\000o\000m\000\351\000t\000r\000i\000q\000u\000e\000\040\000m\000u\000l\000t\000i\000m\000o\000d\000a\000l\000\040\000a\000v\000e\000c\000\040\000q\000u\000a\000n\000t\000i\000f\000i\000c\000a\000t\000i\000o\000n\000\040\000d\000'\000i\000n\000c\000e\000r\000t\000i\000t\000u\000d\000e}{section.1.4}% 26
\BOOKMARK [1][-]{section.1.5}{\376\377\000E\000x\000p\000l\000i\000c\000a\000b\000i\000l\000i\000t\000\351\000\040\000d\000e\000s\000\040\000S\000y\000s\000t\000\350\000m\000e\000s\000\040\000B\000i\000o\000m\000\351\000t\000r\000i\000q\000u\000e\000s\000\040\000M\000u\000l\000t\000i\000m\000o\000d\000a\000u\000x}{chapter.1}% 27
\BOOKMARK [2][-]{subsection.1.5.1}{\376\377\000G\000r\000a\000d\000-\000C\000A\000M\000\040\000e\000t\000\040\000d\000\351\000r\000i\000v\000\351\000s\000\040\000p\000o\000u\000r\000\040\000l\000a\000\040\000r\000e\000c\000o\000n\000n\000a\000i\000s\000s\000a\000n\000c\000e\000\040\000f\000a\000c\000i\000a\000l\000e}{section.1.5}% 28
\BOOKMARK [2][-]{subsection.1.5.2}{\376\377\000C\000a\000r\000t\000e\000s\000\040\000d\000'\000a\000t\000t\000e\000n\000t\000i\000o\000n\000\040\000p\000o\000u\000r\000\040\000l\000'\000i\000m\000p\000o\000r\000t\000a\000n\000c\000e\000\040\000d\000e\000s\000\040\000m\000i\000n\000u\000t\000i\000e\000s\000\040\000d\000'\000e\000m\000p\000r\000e\000i\000n\000t\000e}{section.1.5}% 29
\BOOKMARK [2][-]{subsection.1.5.3}{\376\377\000E\000x\000p\000l\000i\000c\000a\000b\000i\000l\000i\000t\000\351\000\040\000m\000u\000l\000t\000i\000m\000o\000d\000a\000l\000e\000\040\000:\000\040\000S\000H\000A\000P\000,\000\040\000L\000I\000M\000E\000,\000\040\000a\000t\000t\000e\000n\000t\000i\000o\000n\000\040\000c\000r\000o\000s\000s\000-\000m\000o\000d\000a\000l\000e}{section.1.5}% 30
\BOOKMARK [2][-]{subsection.1.5.4}{\376\377\000G\000a\000p\000\040\000:\000\040\000a\000b\000s\000e\000n\000c\000e\000\040\000d\000'\000e\000x\000p\000l\000i\000c\000a\000t\000i\000o\000n\000\040\000v\000i\000s\000u\000e\000l\000l\000e\000\040\000b\000i\000m\000o\000d\000a\000l\000e\000\040\000u\000n\000i\000f\000i\000\351\000e}{section.1.5}% 31
\BOOKMARK [1][-]{section.1.6}{\376\377\000I\000d\000e\000n\000t\000i\000f\000i\000c\000a\000t\000i\000o\000n\000\040\000d\000u\000\040\000G\000a\000p\000\040\000e\000t\000\040\000P\000o\000s\000i\000t\000i\000o\000n\000n\000e\000m\000e\000n\000t}{chapter.1}% 32
\BOOKMARK [2][-]{subsection.1.6.1}{\376\377\000S\000y\000n\000t\000h\000\350\000s\000e\000\040\000d\000e\000s\000\040\000g\000a\000p\000s\000\040\000p\000a\000r\000\040\000d\000i\000m\000e\000n\000s\000i\000o\000n}{section.1.6}% 33
\BOOKMARK [2][-]{subsection.1.6.2}{\376\377\000U\000F\000M\000-\000T\000r\000a\000n\000s\000f\000o\000r\000m\000e\000r\000\040\000f\000a\000c\000e\000\040\000a\000u\000x\000\040\000t\000r\000a\000v\000a\000u\000x\000\040\000e\000x\000i\000s\000t\000a\000n\000t\000s}{section.1.6}% 34
\BOOKMARK [2][-]{subsection.1.6.3}{\376\377\000L\000e\000\040\000g\000a\000p\000\040\000c\000e\000n\000t\000r\000a\000l}{section.1.6}% 35
\BOOKMARK [0][-]{chapter.2}{\376\377\000L\000e\000\040\000M\000o\000d\000\350\000l\000e\000\040\000U\000F\000M\000-\000T\000r\000a\000n\000s\000f\000o\000r\000m\000e\000r}{}% 36
\BOOKMARK [1][-]{section.2.1}{\376\377\000F\000o\000r\000m\000u\000l\000a\000t\000i\000o\000n\000\040\000d\000u\000\040\000P\000r\000o\000b\000l\000\350\000m\000e}{chapter.2}% 37
\BOOKMARK [2][-]{subsection.2.1.1}{\376\377\000N\000o\000t\000a\000t\000i\000o\000n\000s\000\040\000e\000t\000\040\000d\000\351\000f\000i\000n\000i\000t\000i\000o\000n\000s\000\040\000f\000o\000r\000m\000e\000l\000l\000e\000s}{section.2.1}% 38
\BOOKMARK [2][-]{subsection.2.1.2}{\376\377\000O\000b\000j\000e\000c\000t\000i\000f\000\040\000d\000e\000\040\000v\000\351\000r\000i\000f\000i\000c\000a\000t\000i\000o\000n\000\040\000o\000u\000v\000e\000r\000t\000e\000\040\000a\000v\000e\000c\000\040\000q\000u\000a\000l\000i\000t\000\351\000\040\000v\000a\000r\000i\000a\000b\000l\000e\000\040\000e\000t\000\040\000m\000o\000d\000a\000l\000i\000t\000\351\000s\000\040\000p\000a\000r\000t\000i\000e\000l\000l\000e\000s}{section.2.1}% 39
\BOOKMARK [1][-]{section.2.2}{\376\377\000V\000u\000e\000\040\000d\000'\000E\000n\000s\000e\000m\000b\000l\000e\000\040\000d\000e\000\040\000l\000'\000A\000r\000c\000h\000i\000t\000e\000c\000t\000u\000r\000e}{chapter.2}% 40
\BOOKMARK [2][-]{subsection.2.2.1}{\376\377\000P\000i\000p\000e\000l\000i\000n\000e\000\040\000g\000l\000o\000b\000a\000l\000\040\000:\000\040\000e\000n\000c\000o\000d\000e\000u\000r\000s\000\040\000\040\000p\000r\000o\000j\000e\000c\000t\000e\000u\000r\000s\000\040\000\040\000t\000r\000a\000n\000s\000f\000o\000r\000m\000e\000r\000\040\000c\000r\000o\000s\000s\000-\000m\000o\000d\000a\000l\000\040\000\040\000t\000\352\000t\000e\000s\000\040\000d\000e\000\040\000d\000\351\000c\000i\000s\000i\000o\000n}{section.2.2}% 41
\BOOKMARK [2][-]{subsection.2.2.2}{\376\377\000F\000i\000g\000u\000r\000e\000\040\000:\000\040\000d\000i\000a\000g\000r\000a\000m\000m\000e\000\040\000d\000'\000a\000r\000c\000h\000i\000t\000e\000c\000t\000u\000r\000e\000\040\000c\000o\000m\000p\000l\000e\000t\000\040\000a\000v\000e\000c\000\040\000f\000l\000u\000x\000\040\000d\000e\000\040\000d\000o\000n\000n\000\351\000e\000s}{section.2.2}% 42
\BOOKMARK [1][-]{section.2.3}{\376\377\000E\000n\000c\000o\000d\000e\000u\000r\000s\000\040\000S\000p\000\351\000c\000i\000f\000i\000q\000u\000e\000s\000\040\000p\000a\000r\000\040\000M\000o\000d\000a\000l\000i\000t\000\351}{chapter.2}% 43
\BOOKMARK [2][-]{subsection.2.3.1}{\376\377\000E\000n\000c\000o\000d\000e\000u\000r\000\040\000v\000i\000s\000a\000g\000e\000\040\000:\000\040\000E\000f\000f\000i\000c\000i\000e\000n\000t\000N\000e\000t\000-\000B\0002\000,\000\040\000p\000r\000\351\000-\000e\000n\000t\000r\000a\000\356\000n\000e\000m\000e\000n\000t\000\040\000I\000m\000a\000g\000e\000N\000e\000t\000,\000\040\000e\000x\000t\000r\000a\000c\000t\000i\000o\000n\000\040\000d\000e\000\040\000c\000a\000r\000t\000e\000s\000\040\000d\000e\000\040\000c\000a\000r\000a\000c\000t\000\351\000r\000i\000s\000t\000i\000q\000u\000e\000s}{section.2.3}% 44
\BOOKMARK [2][-]{subsection.2.3.2}{\376\377\000E\000n\000c\000o\000d\000e\000u\000r\000\040\000e\000m\000p\000r\000e\000i\000n\000t\000e\000\040\000:\000\040\000C\000N\000N\000\040\000r\000\351\000s\000i\000d\000u\000e\000l\000\040\000p\000e\000r\000s\000o\000n\000n\000a\000l\000i\000s\000\351\000\040\000p\000o\000u\000r\000\040\000l\000e\000s\000\040\000m\000o\000t\000i\000f\000s\000\040\000d\000e\000\040\000c\000r\000\352\000t\000e\000s}{section.2.3}% 45
\BOOKMARK [2][-]{subsection.2.3.3}{\376\377\000E\000s\000t\000i\000m\000a\000t\000e\000u\000r\000\040\000d\000e\000\040\000q\000u\000a\000l\000i\000t\000\351\000\040\000:\000\040\000C\000N\000N\000\040\000l\000\351\000g\000e\000r\000\040\000p\000a\000r\000\040\000m\000o\000d\000a\000l\000i\000t\000\351\000,\000\040\000s\000c\000o\000r\000e\000\040\000d\000a\000n\000s\000\040\000[\0000\000,\0001\000]}{section.2.3}% 46
\BOOKMARK [1][-]{section.2.4}{\376\377\000P\000r\000o\000j\000e\000c\000t\000e\000u\000r\000\040\000C\000o\000m\000m\000u\000n\000\040\000e\000t\000\040\000G\000e\000s\000t\000i\000o\000n\000\040\000d\000e\000s\000\040\000M\000o\000d\000a\000l\000i\000t\000\351\000s\000\040\000M\000a\000n\000q\000u\000a\000n\000t\000e\000s}{chapter.2}% 47
\BOOKMARK [2][-]{subsection.2.4.1}{\376\377\000P\000r\000o\000j\000e\000c\000t\000e\000u\000r\000s\000\040\000d\000e\000n\000s\000e\000s\000\040\000a\000v\000e\000c\000\040\000n\000o\000r\000m\000a\000l\000i\000s\000a\000t\000i\000o\000n\000\040\000L\0002\000\040\000:\000\040\000p\000r\000o\000j\000e\000c\000t\000i\000o\000n\000\040\000s\000u\000r\000\040\000l\000'\000h\000y\000p\000e\000r\000s\000p\000h\000\350\000r\000e\000\040\000u\000n\000i\000t\000\351}{section.2.4}% 48
\BOOKMARK [2][-]{subsection.2.4.2}{\376\377\000T\000o\000k\000e\000n\000\040\000a\000p\000p\000r\000e\000n\000a\000b\000l\000e\000\040\000d\000e\000\040\000r\000e\000m\000p\000l\000a\000c\000e\000m\000e\000n\000t\000\040\000:\000\040\000t\000m\000i\000s\000s\000\040\000R\0002\0005\0006\000\040\000p\000a\000r\000a\000m\000\350\000t\000r\000e\000\040\000e\000n\000t\000r\000a\000\356\000n\000a\000b\000l\000e}{section.2.4}% 49
\BOOKMARK [2][-]{subsection.2.4.3}{\376\377\000M\000\351\000c\000a\000n\000i\000s\000m\000e\000\040\000d\000e\000\040\000r\000e\000m\000p\000l\000a\000c\000e\000m\000e\000n\000t\000\040\000:\000\040\000m\000a\000s\000q\000u\000e\000\040\000b\000o\000o\000l\000\351\000e\000n\000\040\000e\000t\000\040\000e\000n\000c\000o\000d\000a\000g\000e\000\040\000p\000o\000s\000i\000t\000i\000o\000n\000n\000e\000l}{section.2.4}% 50
\BOOKMARK [1][-]{section.2.5}{\376\377\000M\000o\000d\000u\000l\000e\000\040\000d\000e\000\040\000F\000u\000s\000i\000o\000n\000\040\000p\000a\000r\000\040\000A\000t\000t\000e\000n\000t\000i\000o\000n\000\040\000C\000r\000o\000i\000s\000\351\000e\000\040\000M\000o\000d\000u\000l\000\351\000e\000\040\000p\000a\000r\000\040\000l\000a\000\040\000Q\000u\000a\000l\000i\000t\000\351}{chapter.2}% 51
\BOOKMARK [2][-]{subsection.2.5.1}{\376\377\000A\000t\000t\000e\000n\000t\000i\000o\000n\000\040\000c\000r\000o\000i\000s\000\351\000e\000\040\000b\000i\000d\000i\000r\000e\000c\000t\000i\000o\000n\000n\000e\000l\000l\000e\000\040\000:\000\040\000r\000e\000q\000u\000\352\000t\000e\000s\000\040\000v\000i\000s\000a\000g\000e\000\040\000\040\000c\000l\000\351\000s\000/\000v\000a\000l\000e\000u\000r\000s\000\040\000e\000m\000p\000r\000e\000i\000n\000t\000e\000,\000\040\000e\000t\000\040\000i\000n\000v\000e\000r\000s\000e\000m\000e\000n\000t}{section.2.5}% 52
\BOOKMARK [2][-]{subsection.2.5.2}{\376\377\000M\000o\000d\000u\000l\000a\000t\000i\000o\000n\000\040\000p\000a\000r\000\040\000q\000u\000a\000l\000i\000t\000\351\000\040\000:\000\040\000s\000c\000o\000r\000e\000s\000\040\000d\000'\000a\000t\000t\000e\000n\000t\000i\000o\000n\000\040\000p\000o\000n\000d\000\351\000r\000\351\000s\000\040\000p\000a\000r\000\040\000q\000f\000\040\000q\000p}{section.2.5}% 53
\BOOKMARK [2][-]{subsection.2.5.3}{\376\377\000M\000a\000s\000q\000u\000a\000g\000e\000\040\000p\000o\000u\000r\000\040\000m\000o\000d\000a\000l\000i\000t\000\351\000s\000\040\000a\000b\000s\000e\000n\000t\000e\000s\000\040\000:\000\040\000a\000t\000t\000e\000n\000t\000i\000o\000n\000\040\000n\000u\000l\000l\000e\000\040\000v\000e\000r\000s\000/\000d\000e\000p\000u\000i\000s\000\040\000m\000o\000d\000a\000l\000i\000t\000\351\000s\000\040\000m\000a\000n\000q\000u\000a\000n\000t\000e\000s}{section.2.5}% 54
\BOOKMARK [2][-]{subsection.2.5.4}{\376\377\000A\000r\000c\000h\000i\000t\000e\000c\000t\000u\000r\000e\000\040\000d\000\351\000t\000a\000i\000l\000l\000\351\000e\000\040\000:\000\040\0004\000\040\000c\000o\000u\000c\000h\000e\000s\000,\000\040\0008\000\040\000t\000\352\000t\000e\000s\000,\000\040\0002\0005\0006\000\040\000d\000i\000m\000e\000n\000s\000i\000o\000n\000s}{section.2.5}% 55
\BOOKMARK [2][-]{subsection.2.5.5}{\376\377\000F\000i\000g\000u\000r\000e\000\040\000:\000\040\000d\000\351\000t\000a\000i\000l\000\040\000d\000u\000\040\000m\000\351\000c\000a\000n\000i\000s\000m\000e\000\040\000d\000'\000a\000t\000t\000e\000n\000t\000i\000o\000n\000\040\000c\000r\000o\000i\000s\000\351\000e\000\040\000m\000o\000d\000u\000l\000\351\000e\000\040\000p\000a\000r\000\040\000q\000u\000a\000l\000i\000t\000\351}{section.2.5}% 56
\BOOKMARK [2][-]{subsection.2.5.6}{\376\377\000A\000l\000g\000o\000r\000i\000t\000h\000m\000e\000\040\000:\000\040\000p\000s\000e\000u\000d\000o\000-\000c\000o\000d\000e\000\040\000d\000u\000\040\000f\000o\000r\000w\000a\000r\000d\000\040\000p\000a\000s\000s}{section.2.5}% 57
\BOOKMARK [1][-]{section.2.6}{\376\377\000T\000\352\000t\000e\000\040\000d\000e\000\040\000S\000i\000m\000i\000l\000a\000r\000i\000t\000\351\000\040\000e\000t\000\040\000T\000\352\000t\000e\000\040\000d\000'\000I\000n\000c\000e\000r\000t\000i\000t\000u\000d\000e}{chapter.2}% 58
\BOOKMARK [2][-]{subsection.2.6.1}{\376\377\000S\000i\000m\000i\000l\000a\000r\000i\000t\000\351\000\040\000c\000o\000s\000i\000n\000u\000s\000\040\000a\000v\000e\000c\000\040\000m\000a\000r\000g\000e\000\040\000a\000d\000d\000i\000t\000i\000v\000e\000\040\000A\000r\000c\000F\000a\000c\000e\000\040\000\050\000m\000=\0000\000,\0005\000,\000\040\000s\000=\0003\0000\000\051}{section.2.6}% 59
\BOOKMARK [2][-]{subsection.2.6.2}{\376\377\000T\000\352\000t\000e\000\040\000d\000'\000i\000n\000c\000e\000r\000t\000i\000t\000u\000d\000e\000\040\000:\000\040\0005\000\040\000p\000a\000s\000s\000e\000s\000\040\000a\000v\000a\000n\000t\000\040\000a\000v\000e\000c\000\040\000d\000r\000o\000p\000o\000u\000t\000\040\000a\000c\000t\000i\000f}{section.2.6}% 60
\BOOKMARK [2][-]{subsection.2.6.3}{\376\377\000D\000\351\000c\000o\000m\000p\000o\000s\000i\000t\000i\000o\000n\000\040\000a\000l\000\351\000a\000t\000o\000i\000r\000e\000\040\000v\000s\000\040\000\351\000p\000i\000s\000t\000\351\000m\000i\000q\000u\000e}{section.2.6}% 61
\BOOKMARK [2][-]{subsection.2.6.4}{\376\377\000I\000n\000t\000e\000r\000v\000a\000l\000l\000e\000\040\000d\000e\000\040\000c\000o\000n\000f\000i\000a\000n\000c\000e\000\040\000e\000t\000\040\000o\000p\000t\000i\000o\000n\000\040\000d\000e\000\040\000r\000e\000j\000e\000t}{section.2.6}% 62
\BOOKMARK [1][-]{section.2.7}{\376\377\000M\000\351\000c\000a\000n\000i\000s\000m\000e\000s\000\040\000d\000'\000E\000x\000p\000l\000i\000c\000a\000b\000i\000l\000i\000t\000\351}{chapter.2}% 63
\BOOKMARK [2][-]{subsection.2.7.1}{\376\377\000V\000i\000s\000u\000a\000l\000i\000s\000a\000t\000i\000o\000n\000\040\000d\000e\000s\000\040\000c\000a\000r\000t\000e\000s\000\040\000d\000'\000a\000t\000t\000e\000n\000t\000i\000o\000n\000\040\000c\000r\000o\000s\000s\000-\000m\000o\000d\000a\000l\000e}{section.2.7}% 64
\BOOKMARK [2][-]{subsection.2.7.2}{\376\377\000G\000r\000a\000d\000-\000C\000A\000M\000\040\000b\000i\000m\000o\000d\000a\000l\000\040\000:\000\040\000r\000\351\000g\000i\000o\000n\000s\000\040\000f\000a\000c\000i\000a\000l\000e\000s\000\040\000e\000t\000\040\000m\000i\000n\000u\000t\000i\000e\000s\000\040\000d\000'\000e\000m\000p\000r\000e\000i\000n\000t\000e}{section.2.7}% 65
\BOOKMARK [2][-]{subsection.2.7.3}{\376\377\000A\000n\000a\000l\000y\000s\000e\000\040\000d\000e\000s\000\040\000c\000a\000s\000\040\000d\000'\000\351\000c\000h\000e\000c\000\040\000p\000a\000r\000\040\000a\000t\000t\000e\000n\000t\000i\000o\000n}{section.2.7}% 66
\BOOKMARK [1][-]{section.2.8}{\376\377\000F\000o\000n\000c\000t\000i\000o\000n\000\040\000d\000e\000\040\000P\000e\000r\000t\000e\000\040\000e\000t\000\040\000S\000t\000r\000a\000t\000\351\000g\000i\000e\000\040\000d\000'\000E\000n\000t\000r\000a\000\356\000n\000e\000m\000e\000n\000t}{chapter.2}% 67
\BOOKMARK [2][-]{subsection.2.8.1}{\376\377\000P\000e\000r\000t\000e\000\040\000c\000o\000m\000p\000o\000s\000i\000t\000e\000\040\000:\000\040\000t\000r\000i\000p\000l\000e\000t\000\040\000+\000\040\000A\000r\000c\000F\000a\000c\000e\000\040\000+\000\040\000r\000\351\000g\000u\000l\000a\000r\000i\000s\000a\000t\000i\000o\000n\000\040\000d\000'\000i\000n\000c\000e\000r\000t\000i\000t\000u\000d\000e}{section.2.8}% 68
\BOOKMARK [2][-]{subsection.2.8.2}{\376\377\000P\000h\000a\000s\000e\000\040\0001\000\040\000:\000\040\000p\000r\000\351\000-\000e\000n\000t\000r\000a\000\356\000n\000e\000m\000e\000n\000t\000\040\000u\000n\000i\000m\000o\000d\000a\000l\000\040\000\050\0005\0000\000\040\000\351\000p\000o\000q\000u\000e\000s\000,\000\040\000A\000r\000c\000F\000a\000c\000e\000\040\000s\000e\000u\000l\000\051}{section.2.8}% 69
\BOOKMARK [2][-]{subsection.2.8.3}{\376\377\000P\000h\000a\000s\000e\000\040\0002\000\040\000:\000\040\000f\000i\000n\000e\000-\000t\000u\000n\000i\000n\000g\000\040\000j\000o\000i\000n\000t\000\040\000\050\0001\0000\0000\000\040\000\351\000p\000o\000q\000u\000e\000s\000,\000\040\000d\000r\000o\000p\000o\000u\000t\000\040\000m\000o\000d\000a\000l\000i\000t\000\351\000s\000\040\0003\0000\000\045\000,\000\040\000p\000e\000r\000t\000e\000\040\000c\000o\000m\000p\000l\000\350\000t\000e\000\051}{section.2.8}% 70
\BOOKMARK [2][-]{subsection.2.8.4}{\376\377\000O\000p\000t\000i\000m\000i\000s\000a\000t\000i\000o\000n\000\040\000:\000\040\000A\000d\000a\000m\000W\000,\000\040\000c\000o\000s\000i\000n\000e\000\040\000a\000n\000n\000e\000a\000l\000i\000n\000g\000,\000\040\000g\000r\000a\000d\000i\000e\000n\000t\000\040\000c\000l\000i\000p\000p\000i\000n\000g}{section.2.8}% 71
\BOOKMARK [2][-]{subsection.2.8.5}{\376\377\000A\000l\000g\000o\000r\000i\000t\000h\000m\000e\000\040\000:\000\040\000b\000o\000u\000c\000l\000e\000\040\000d\000'\000e\000n\000t\000r\000a\000\356\000n\000e\000m\000e\000n\000t\000\040\000c\000o\000m\000p\000l\000\350\000t\000e\000\040\000a\000v\000e\000c\000\040\000d\000e\000u\000x\000\040\000p\000h\000a\000s\000e\000s}{section.2.8}% 72
\BOOKMARK [0][-]{chapter.3}{\376\377\000E\000x\000p\000\351\000r\000i\000m\000e\000n\000t\000a\000t\000i\000o\000n\000s\000\040\000e\000t\000\040\000R\000\351\000s\000u\000l\000t\000a\000t\000s}{}% 73
\BOOKMARK [1][-]{section.3.1}{\376\377\000P\000r\000o\000t\000o\000c\000o\000l\000e\000\040\000E\000x\000p\000\351\000r\000i\000m\000e\000n\000t\000a\000l}{chapter.3}% 74
\BOOKMARK [2][-]{subsection.3.1.1}{\376\377\000D\000a\000t\000a\000s\000e\000t\000\040\000M\000u\000l\000t\000i\000m\000o\000d\000a\000l\000\040\000B\000i\000o\000m\000e\000t\000r\000i\000c\000s\000\040\000D\000a\000t\000a\000s\000e\000t}{section.3.1}% 75
\BOOKMARK [2][-]{subsection.3.1.2}{\376\377\000P\000r\000\351\000t\000r\000a\000i\000t\000e\000m\000e\000n\000t\000\040\000e\000t\000\040\000S\000t\000r\000a\000t\000i\000f\000i\000c\000a\000t\000i\000o\000n\000\040\000d\000e\000s\000\040\000D\000o\000n\000n\000\351\000e\000s}{section.3.1}% 76
\BOOKMARK [2][-]{subsection.3.1.3}{\376\377\000A\000u\000g\000m\000e\000n\000t\000a\000t\000i\000o\000n\000s\000\040\000d\000e\000\040\000D\000o\000n\000n\000\351\000e\000s\000\040\000e\000t\000\040\000S\000i\000m\000u\000l\000a\000t\000i\000o\000n\000\040\000d\000e\000\040\000D\000\351\000g\000r\000a\000d\000a\000t\000i\000o\000n\000s}{section.3.1}% 77
\BOOKMARK [2][-]{subsection.3.1.4}{\376\377\000E\000n\000v\000i\000r\000o\000n\000n\000e\000m\000e\000n\000t\000\040\000L\000o\000g\000i\000c\000i\000e\000l\000\040\000e\000t\000\040\000M\000a\000t\000\351\000r\000i\000e\000l}{section.3.1}% 78
\BOOKMARK [1][-]{section.3.2}{\376\377\000M\000\351\000t\000r\000i\000q\000u\000e\000s\000\040\000d\000'\000\311\000v\000a\000l\000u\000a\000t\000i\000o\000n}{chapter.3}% 79
\BOOKMARK [2][-]{subsection.3.2.1}{\376\377\000M\000\351\000t\000r\000i\000q\000u\000e\000s\000\040\000d\000e\000\040\000P\000e\000r\000f\000o\000r\000m\000a\000n\000c\000e\000\040\000e\000n\000\040\000V\000\351\000r\000i\000f\000i\000c\000a\000t\000i\000o\000n\000\040\000B\000i\000o\000m\000\351\000t\000r\000i\000q\000u\000e}{section.3.2}% 80
\BOOKMARK [2][-]{subsection.3.2.2}{\376\377\000M\000\351\000t\000r\000i\000q\000u\000e\000s\000\040\000d\000e\000\040\000C\000a\000l\000i\000b\000r\000a\000t\000i\000o\000n}{section.3.2}% 81
\BOOKMARK [2][-]{subsection.3.2.3}{\376\377\000M\000\351\000t\000r\000i\000q\000u\000e\000s\000\040\000d\000'\000E\000f\000f\000i\000c\000a\000c\000i\000t\000\351\000\040\000C\000o\000m\000p\000u\000t\000a\000t\000i\000o\000n\000n\000e\000l\000l\000e}{section.3.2}% 82
\BOOKMARK [1][-]{section.3.3}{\376\377\000R\000\351\000s\000u\000l\000t\000a\000t\000s\000\040\000P\000r\000i\000n\000c\000i\000p\000a\000u\000x}{chapter.3}% 83
\BOOKMARK [2][-]{subsection.3.3.1}{\376\377\000C\000o\000m\000p\000a\000r\000a\000i\000s\000o\000n\000\040\000a\000v\000e\000c\000\040\000l\000e\000s\000\040\000M\000\351\000t\000h\000o\000d\000e\000s\000\040\000d\000e\000\040\000R\000\351\000f\000\351\000r\000e\000n\000c\000e}{section.3.3}% 84
\BOOKMARK [2][-]{subsection.3.3.2}{\376\377\000C\000o\000u\000r\000b\000e\000s\000\040\000R\000O\000C\000\040\000e\000t\000\040\000D\000E\000T}{section.3.3}% 85
\BOOKMARK [2][-]{subsection.3.3.3}{\376\377\000D\000i\000s\000t\000r\000i\000b\000u\000t\000i\000o\000n\000\040\000d\000e\000s\000\040\000S\000c\000o\000r\000e\000s\000\040\000d\000e\000\040\000S\000i\000m\000i\000l\000a\000r\000i\000t\000\351}{section.3.3}% 86
\BOOKMARK [1][-]{section.3.4}{\376\377\000A\000n\000a\000l\000y\000s\000e\000\040\000d\000e\000\040\000R\000o\000b\000u\000s\000t\000e\000s\000s\000e}{chapter.3}% 87
\BOOKMARK [2][-]{subsection.3.4.1}{\376\377\000R\000\351\000s\000u\000l\000t\000a\000t\000s\000\040\000s\000o\000u\000s\000\040\000D\000\351\000g\000r\000a\000d\000a\000t\000i\000o\000n\000s\000\040\000C\000o\000n\000t\000r\000\364\000l\000\351\000e\000s}{section.3.4}% 88
\BOOKMARK [2][-]{subsection.3.4.2}{\376\377\000M\000o\000d\000e\000\040\000U\000n\000i\000m\000o\000d\000a\000l\000\040\000F\000o\000r\000c\000\351}{section.3.4}% 89
\BOOKMARK [1][-]{section.3.5}{\376\377\000C\000a\000l\000i\000b\000r\000a\000t\000i\000o\000n\000\040\000d\000e\000\040\000l\000'\000I\000n\000c\000e\000r\000t\000i\000t\000u\000d\000e}{chapter.3}% 90
\BOOKMARK [2][-]{subsection.3.5.1}{\376\377\000D\000i\000a\000g\000r\000a\000m\000m\000e\000\040\000d\000e\000\040\000F\000i\000a\000b\000i\000l\000i\000t\000\351}{section.3.5}% 91
\BOOKMARK [2][-]{subsection.3.5.2}{\376\377\000E\000C\000E\000\040\000e\000t\000\040\000M\000C\000E\000\040\000Q\000u\000a\000n\000t\000i\000t\000a\000t\000i\000f\000s}{section.3.5}% 92
\BOOKMARK [2][-]{subsection.3.5.3}{\376\377\000P\000e\000r\000f\000o\000r\000m\000a\000n\000c\000e\000s\000\040\000a\000v\000e\000c\000\040\000O\000p\000t\000i\000o\000n\000\040\000d\000e\000\040\000R\000e\000j\000e\000t}{section.3.5}% 93
\BOOKMARK [1][-]{section.3.6}{\376\377\000\311\000t\000u\000d\000e\000\040\000d\000'\000A\000b\000l\000a\000t\000i\000o\000n}{chapter.3}% 94
\BOOKMARK [2][-]{subsection.3.6.1}{\376\377\000C\000o\000n\000t\000r\000i\000b\000u\000t\000i\000o\000n\000\040\000d\000e\000\040\000C\000h\000a\000q\000u\000e\000\040\000C\000o\000m\000p\000o\000s\000a\000n\000t}{section.3.6}% 95
\BOOKMARK [1][-]{section.3.7}{\376\377\000R\000\351\000s\000u\000l\000t\000a\000t\000s\000\040\000d\000'\000E\000x\000p\000l\000i\000c\000a\000b\000i\000l\000i\000t\000\351}{chapter.3}% 96
\BOOKMARK [1][-]{section.3.8}{\376\377\000E\000f\000f\000i\000c\000a\000c\000i\000t\000\351\000\040\000C\000o\000m\000p\000u\000t\000a\000t\000i\000o\000n\000n\000e\000l\000l\000e}{chapter.3}% 97
\BOOKMARK [0][-]{chapter.4}{\376\377\000D\000i\000s\000c\000u\000s\000s\000i\000o\000n\000\040\000e\000t\000\040\000P\000e\000r\000s\000p\000e\000c\000t\000i\000v\000e\000s}{}% 98
\BOOKMARK [1][-]{section.4.1}{\376\377\000I\000n\000t\000e\000r\000p\000r\000\351\000t\000a\000t\000i\000o\000n\000\040\000d\000e\000s\000\040\000R\000\351\000s\000u\000l\000t\000a\000t\000s}{chapter.4}% 99
\BOOKMARK [2][-]{subsection.4.1.1}{\376\377\000S\000u\000p\000\351\000r\000i\000o\000r\000i\000t\000\351\000\040\000s\000u\000r\000\040\000l\000e\000s\000\040\000b\000a\000s\000e\000l\000i\000n\000e\000s\000\040\000:\000\040\000l\000e\000\040\000r\000\364\000l\000e\000\040\000s\000y\000n\000e\000r\000g\000i\000q\000u\000e\000\040\000d\000e\000\040\000c\000h\000a\000q\000u\000e\000\040\000c\000o\000m\000p\000o\000s\000a\000n\000t}{section.4.1}% 100
\BOOKMARK [2][-]{subsection.4.1.2}{\376\377\000L\000'\000i\000n\000c\000e\000r\000t\000i\000t\000u\000d\000e\000\040\000c\000o\000m\000m\000e\000\040\000i\000n\000d\000i\000c\000a\000t\000e\000u\000r\000\040\000f\000i\000a\000b\000l\000e\000\040\000d\000e\000\040\000c\000o\000n\000f\000i\000a\000n\000c\000e}{section.4.1}% 101
\BOOKMARK [2][-]{subsection.4.1.3}{\376\377\000L\000'\000e\000x\000p\000l\000i\000c\000a\000b\000i\000l\000i\000t\000\351\000\040\000c\000o\000m\000m\000e\000\040\000o\000u\000t\000i\000l\000\040\000d\000e\000\040\000d\000i\000a\000g\000n\000o\000s\000t\000i\000c}{section.4.1}% 102
\BOOKMARK [1][-]{section.4.2}{\376\377\000L\000i\000m\000i\000t\000e\000s}{chapter.4}% 103
\BOOKMARK [2][-]{subsection.4.2.1}{\376\377\000\311\000c\000h\000e\000l\000l\000e\000\040\000d\000u\000\040\000c\000o\000r\000p\000u\000s\000\040\000:\000\040\000l\000e\000\040\000s\000e\000u\000i\000l\000\040\000d\000e\000s\000\040\0001\0000\0000\000\040\000s\000u\000j\000e\000t\000s}{section.4.2}% 104
\BOOKMARK [2][-]{subsection.4.2.2}{\376\377\000M\000o\000d\000a\000l\000i\000t\000\351\000s\000\040\000r\000e\000s\000t\000r\000e\000i\000n\000t\000e\000s\000\040\000:\000\040\000l\000a\000\040\000p\000a\000i\000r\000e\000\040\000v\000i\000s\000a\000g\000e\000-\000e\000m\000p\000r\000e\000i\000n\000t\000e}{section.4.2}% 105
\BOOKMARK [2][-]{subsection.4.2.3}{\376\377\000C\000o\000\373\000t\000\040\000c\000o\000m\000p\000u\000t\000a\000t\000i\000o\000n\000n\000e\000l\000\040\000d\000u\000\040\000M\000C\000-\000D\000r\000o\000p\000o\000u\000t}{section.4.2}% 106
\BOOKMARK [1][-]{section.4.3}{\376\377\000P\000e\000r\000s\000p\000e\000c\000t\000i\000v\000e\000s}{chapter.4}% 107
\BOOKMARK [2][-]{subsection.4.3.1}{\376\377\000E\000x\000t\000e\000n\000s\000i\000o\000n\000\040\000m\000u\000l\000t\000i\000m\000o\000d\000a\000l\000e\000\040\000:\000\040\000i\000r\000i\000s\000,\000\040\000v\000o\000i\000x\000,\000\040\000p\000a\000u\000m\000e}{section.4.3}% 108
\BOOKMARK [2][-]{subsection.4.3.2}{\376\377\000D\000i\000s\000t\000i\000l\000l\000a\000t\000i\000o\000n\000\040\000d\000e\000\040\000c\000o\000n\000n\000a\000i\000s\000s\000a\000n\000c\000e\000s\000\040\000p\000o\000u\000r\000\040\000l\000e\000\040\000d\000\351\000p\000l\000o\000i\000e\000m\000e\000n\000t\000\040\000e\000d\000g\000e}{section.4.3}% 109
\BOOKMARK [2][-]{subsection.4.3.3}{\376\377\000A\000p\000p\000r\000e\000n\000t\000i\000s\000s\000a\000g\000e\000\040\000f\000\351\000d\000\351\000r\000\351\000\040\000p\000r\000\351\000s\000e\000r\000v\000a\000n\000t\000\040\000l\000a\000\040\000c\000o\000n\000f\000i\000d\000e\000n\000t\000i\000a\000l\000i\000t\000\351}{section.4.3}% 110
\BOOKMARK [2][-]{subsection.4.3.4}{\376\377\000P\000r\000\351\000d\000i\000c\000t\000i\000o\000n\000\040\000c\000o\000n\000f\000o\000r\000m\000e\000\040\000p\000o\000u\000r\000\040\000d\000e\000s\000\040\000g\000a\000r\000a\000n\000t\000i\000e\000s\000\040\000t\000h\000\351\000o\000r\000i\000q\000u\000e\000s}{section.4.3}% 111
\BOOKMARK [0][-]{chapter*.24}{\376\377\000C\000o\000n\000c\000l\000u\000s\000i\000o\000n\000\040\000G\000\351\000n\000\351\000r\000a\000l\000e}{}% 112
\BOOKMARK [0][-]{appendix.A}{\376\377\000C\000o\000d\000e\000\040\000S\000o\000u\000r\000c\000e\000\040\000e\000t\000\040\000R\000e\000p\000r\000o\000d\000u\000c\000t\000i\000b\000i\000l\000i\000t\000\351}{}% 113
\BOOKMARK [0][-]{appendix.B}{\376\377\000D\000\351\000t\000a\000i\000l\000\040\000d\000e\000s\000\040\000H\000y\000p\000e\000r\000p\000a\000r\000a\000m\000\350\000t\000r\000e\000s}{}% 114
\BOOKMARK [0][-]{appendix.C}{\376\377\000R\000\351\000s\000u\000l\000t\000a\000t\000s\000\040\000C\000o\000m\000p\000l\000\351\000m\000e\000n\000t\000a\000i\000r\000e\000s}{}% 115
\BOOKMARK [1][-]{section.C.1}{\376\377\000M\000a\000t\000r\000i\000c\000e\000\040\000d\000e\000\040\000C\000o\000n\000f\000u\000s\000i\000o\000n\000\040\000D\000\351\000t\000a\000i\000l\000l\000\351\000e}{appendix.C}% 116
\BOOKMARK [1][-]{section.C.2}{\376\377\000C\000o\000u\000r\000b\000e\000s\000\040\000d\000'\000A\000p\000p\000r\000e\000n\000t\000i\000s\000s\000a\000g\000e}{appendix.C}% 117
\BOOKMARK [1][-]{section.C.3}{\376\377\000V\000i\000s\000u\000a\000l\000i\000s\000a\000t\000i\000o\000n\000s\000\040\000S\000u\000p\000p\000l\000\351\000m\000e\000n\000t\000a\000i\000r\000e\000s\000\040\000d\000'\000E\000x\000p\000l\000i\000c\000a\000b\000i\000l\000i\000t\000\351}{appendix.C}% 118
